2013-05-29 10:58:29,836 - Default ResourceManager initialization complete.
2013-05-29 10:58:29,838 - Loaded System Directive: org.apache.velocity.runtime.directive.Literal
2013-05-29 10:58:29,840 - Loaded System Directive: org.apache.velocity.runtime.directive.Macro
2013-05-29 10:58:29,843 - Loaded System Directive: org.apache.velocity.runtime.directive.Parse
2013-05-29 10:58:29,845 - Loaded System Directive: org.apache.velocity.runtime.directive.Include
2013-05-29 10:58:29,846 - Loaded System Directive: org.apache.velocity.runtime.directive.Foreach
2013-05-29 10:58:29,872 - Created: 20 parsers.
2013-05-29 10:58:29,877 - Velocimacro : initialization starting.
2013-05-29 10:58:29,877 - Velocimacro : adding VMs from VM library template : VM_global_library.vm
2013-05-29 10:58:29,886 - ResourceManager : unable to find resource 'VM_global_library.vm' in any resource loader.
2013-05-29 10:58:29,886 - Velocimacro : error using  VM library template VM_global_library.vm : org.apache.velocity.exception.ResourceNotFoundException: Unable to find resource 'VM_global_library.vm'
2013-05-29 10:58:29,886 - Velocimacro :  VM library template macro registration complete.
2013-05-29 10:58:29,886 - Velocimacro : allowInline = true : VMs can be defined inline in templates
2013-05-29 10:58:29,886 - Velocimacro : allowInlineToOverride = false : VMs defined inline may NOT replace previous VM definitions
2013-05-29 10:58:29,886 - Velocimacro : allowInlineLocal = false : VMs defined inline will be  global in scope if allowed.
2013-05-29 10:58:29,886 - Velocimacro : messages on  : VM system will output logging messages
2013-05-29 10:58:29,886 - Velocimacro : autoload off  : VM system will not automatically reload global library macros
2013-05-29 10:58:29,886 - Velocimacro : initialization complete.
2013-05-29 10:58:29,886 - Velocity successfully started.
2013-05-29 11:01:36,531 - SimpleLog4JLogSystem initialized using logfile 'velocity.log'
2013-05-29 11:01:36,531 - ************************************************************** 
2013-05-29 11:01:36,531 - Starting Jakarta Velocity v1.4
2013-05-29 11:01:36,531 - RuntimeInstance initializing.
2013-05-29 11:01:36,531 - Default Properties File: org/apache/velocity/runtime/defaults/velocity.properties
2013-05-29 11:01:36,531 - Trying to use logger class org.apache.velocity.runtime.log.SimpleLog4JLogSystem
2013-05-29 11:01:36,531 - Using logger class org.apache.velocity.runtime.log.SimpleLog4JLogSystem
2013-05-29 11:01:36,534 - Default ResourceManager initializing. (class org.apache.velocity.runtime.resource.ResourceManagerImpl)
2013-05-29 11:01:36,535 - Resource Loader Instantiated: org.apache.velocity.runtime.resource.loader.ClasspathResourceLoader
2013-05-29 11:01:36,535 - ClasspathResourceLoader : initialization starting.
2013-05-29 11:01:36,536 - ClasspathResourceLoader : initialization complete.
2013-05-29 11:01:36,537 - ResourceCache : initialized. (class org.apache.velocity.runtime.resource.ResourceCacheImpl)
2013-05-29 11:01:36,537 - Default ResourceManager initialization complete.
2013-05-29 11:01:36,538 - Loaded System Directive: org.apache.velocity.runtime.directive.Literal
2013-05-29 11:01:36,539 - Loaded System Directive: org.apache.velocity.runtime.directive.Macro
2013-05-29 11:01:36,540 - Loaded System Directive: org.apache.velocity.runtime.directive.Parse
2013-05-29 11:01:36,542 - Loaded System Directive: org.apache.velocity.runtime.directive.Include
2013-05-29 11:01:36,543 - Loaded System Directive: org.apache.velocity.runtime.directive.Foreach
2013-05-29 11:01:36,573 - Created: 20 parsers.
2013-05-29 11:01:36,577 - Velocimacro : initialization starting.
2013-05-29 11:01:36,577 - Velocimacro : adding VMs from VM library template : VM_global_library.vm
2013-05-29 11:01:36,583 - ResourceManager : unable to find resource 'VM_global_library.vm' in any resource loader.
2013-05-29 11:01:36,583 - Velocimacro : error using  VM library template VM_global_library.vm : org.apache.velocity.exception.ResourceNotFoundException: Unable to find resource 'VM_global_library.vm'
2013-05-29 11:01:36,583 - Velocimacro :  VM library template macro registration complete.
2013-05-29 11:01:36,867 - Velocimacro : allowInline = true : VMs can be defined inline in templates
2013-05-29 11:01:36,867 - Velocimacro : allowInlineToOverride = false : VMs defined inline may NOT replace previous VM definitions
2013-05-29 11:01:36,867 - Velocimacro : allowInlineLocal = false : VMs defined inline will be  global in scope if allowed.
2013-05-29 11:01:36,867 - Velocimacro : messages on  : VM system will output logging messages
2013-05-29 11:01:36,867 - Velocimacro : autoload off  : VM system will not automatically reload global library macros
2013-05-29 11:01:36,867 - Velocimacro : initialization complete.
2013-05-29 11:01:36,867 - Velocity successfully started.
2013-05-29 11:04:31,454 - SimpleLog4JLogSystem initialized using logfile 'velocity.log'
2013-05-29 11:04:31,454 - ************************************************************** 
2013-05-29 11:04:31,454 - Starting Jakarta Velocity v1.4
2013-05-29 11:04:31,454 - RuntimeInstance initializing.
2013-05-29 11:04:31,455 - Default Properties File: org/apache/velocity/runtime/defaults/velocity.properties
2013-05-29 11:04:31,455 - Trying to use logger class org.apache.velocity.runtime.log.SimpleLog4JLogSystem
2013-05-29 11:04:31,455 - Using logger class org.apache.velocity.runtime.log.SimpleLog4JLogSystem
2013-05-29 11:04:31,458 - Default ResourceManager initializing. (class org.apache.velocity.runtime.resource.ResourceManagerImpl)
2013-05-29 11:04:31,460 - Resource Loader Instantiated: org.apache.velocity.runtime.resource.loader.ClasspathResourceLoader
2013-05-29 11:04:31,460 - ClasspathResourceLoader : initialization starting.
2013-05-29 11:04:31,460 - ClasspathResourceLoader : initialization complete.
2013-05-29 11:04:31,462 - ResourceCache : initialized. (class org.apache.velocity.runtime.resource.ResourceCacheImpl)
2013-05-29 11:04:31,462 - Default ResourceManager initialization complete.
2013-05-29 11:04:31,464 - Loaded System Directive: org.apache.velocity.runtime.directive.Literal
2013-05-29 11:04:31,466 - Loaded System Directive: org.apache.velocity.runtime.directive.Macro
2013-05-29 11:04:31,468 - Loaded System Directive: org.apache.velocity.runtime.directive.Parse
2013-05-29 11:04:31,469 - Loaded System Directive: org.apache.velocity.runtime.directive.Include
2013-05-29 11:04:31,470 - Loaded System Directive: org.apache.velocity.runtime.directive.Foreach
2013-05-29 11:04:31,497 - Created: 20 parsers.
2013-05-29 11:04:31,501 - Velocimacro : initialization starting.
2013-05-29 11:04:31,501 - Velocimacro : adding VMs from VM library template : VM_global_library.vm
2013-05-29 11:04:31,507 - ResourceManager : unable to find resource 'VM_global_library.vm' in any resource loader.
2013-05-29 11:04:31,507 - Velocimacro : error using  VM library template VM_global_library.vm : org.apache.velocity.exception.ResourceNotFoundException: Unable to find resource 'VM_global_library.vm'
2013-05-29 11:04:31,507 - Velocimacro :  VM library template macro registration complete.
2013-05-29 11:04:31,507 - Velocimacro : allowInline = true : VMs can be defined inline in templates
2013-05-29 11:04:31,507 - Velocimacro : allowInlineToOverride = false : VMs defined inline may NOT replace previous VM definitions
2013-05-29 11:04:31,507 - Velocimacro : allowInlineLocal = false : VMs defined inline will be  global in scope if allowed.
2013-05-29 11:04:31,507 - Velocimacro : messages on  : VM system will output logging messages
2013-05-29 11:04:31,507 - Velocimacro : autoload off  : VM system will not automatically reload global library macros
2013-05-29 11:04:31,508 - Velocimacro : initialization complete.
2013-05-29 11:04:31,508 - Velocity successfully started.
